{"uuid":"041ab3aa-6992-4fdc-a0fd-cca4146322ce","historyId":"17638ad6d003c6595f85afeee5c4af1c","fullName":"UITests.SwoopTest.searchTest","labels":[{"name":"package","value":"UITests.SwoopTest"},{"name":"testClass","value":"UITests.SwoopTest"},{"name":"testMethod","value":"searchTest"},{"name":"parentSuite","value":"Default Suite"},{"name":"suite","value":"Ramwaste_Project"},{"name":"subSuite","value":"UITests.SwoopTest"},{"name":"host","value":"tshalikianis-MacBook-Pro.local"},{"name":"thread","value":"78889@tshalikianis-MacBook-Pro.local.main(1)"},{"name":"framework","value":"testng"},{"name":"language","value":"java"},{"name":"story","value":"Search Validation"},{"name":"epic","value":"Swoop Platform Tests"},{"name":"feature","value":"Search Feature"},{"name":"severity","value":"critical"}],"links":[],"name":"searchTest","status":"broken","statusDetails":{"known":false,"muted":false,"flaky":false,"message":"Error {\n  message='Error: strict mode violation: locator(\"//img[@alt='search']/parent::button\") resolved to 2 elements:\n    1) <button class=\"absolute top-2.5 laptop:top-0 left-4 lapt…>…</button> aka getByTestId(\"search-input-wrapper\").getByRole(AriaRole.BUTTON, new Locator.GetByRoleOptions().setName(\"search\").setExact(true))\n    2) <button type=\"button\" class=\"absolute right-1 w-10 py-2 …>…</button> aka locator(\"[id=\\\"headlessui-disclosure-panel-\\\\:r46\\\\:\\\"]\").getByRole(AriaRole.BUTTON, new Locator.GetByRoleOptions().setName(\"search\"))\n\n  name='Error\n  stack='Error: Error: strict mode violation: locator(\"//img[@alt='search']/parent::button\") resolved to 2 elements:\n    1) <button class=\"absolute top-2.5 laptop:top-0 left-4 lapt…>…</button> aka getByTestId(\"search-input-wrapper\").getByRole(AriaRole.BUTTON, new Locator.GetByRoleOptions().setName(\"search\").setExact(true))\n    2) <button type=\"button\" class=\"absolute right-1 w-10 py-2 …>…</button> aka locator(\"[id=\\\"headlessui-disclosure-panel-\\\\:r46\\\\:\\\"]\").getByRole(AriaRole.BUTTON, new Locator.GetByRoleOptions().setName(\"search\"))\n\n    at CRExecutionContext.evaluateWithArguments (/private/var/folders/fm/lpg8fjp161l_tv35w086_yvw0000gn/T/playwright-java-17429772502449183055/package/lib/server/chromium/crExecutionContext.js:92:33)\n    at async LongStandingScope._race (/private/var/folders/fm/lpg8fjp161l_tv35w086_yvw0000gn/T/playwright-java-17429772502449183055/package/lib/utils/manualPromise.js:96:14)\n    at async evaluateExpression (/private/var/folders/fm/lpg8fjp161l_tv35w086_yvw0000gn/T/playwright-java-17429772502449183055/package/lib/server/javascript.js:241:12)\n    at async /private/var/folders/fm/lpg8fjp161l_tv35w086_yvw0000gn/T/playwright-java-17429772502449183055/package/lib/server/frames.js:953:22\n    at async Frame.retryWithProgressAndTimeouts (/private/var/folders/fm/lpg8fjp161l_tv35w086_yvw0000gn/T/playwright-java-17429772502449183055/package/lib/server/frames.js:923:24)\n    at async /private/var/folders/fm/lpg8fjp161l_tv35w086_yvw0000gn/T/playwright-java-17429772502449183055/package/lib/server/frames.js:1008:29\n    at async ProgressController.run (/private/var/folders/fm/lpg8fjp161l_tv35w086_yvw0000gn/T/playwright-java-17429772502449183055/package/lib/server/progress.js:82:22)\n    at async FrameDispatcher.click (/private/var/folders/fm/lpg8fjp161l_tv35w086_yvw0000gn/T/playwright-java-17429772502449183055/package/lib/server/dispatchers/frameDispatcher.js:158:12)\n    at async LongStandingScope._race (/private/var/folders/fm/lpg8fjp161l_tv35w086_yvw0000gn/T/playwright-java-17429772502449183055/package/lib/utils/manualPromise.js:96:14)\n    at async FrameDispatcher._handleCommand (/private/var/folders/fm/lpg8fjp161l_tv35w086_yvw0000gn/T/playwright-java-17429772502449183055/package/lib/server/dispatchers/dispatcher.js:96:14)\n}\nCall log:\n- waiting for locator(\"//img[@alt='search']/parent::button\")\n","trace":"com.microsoft.playwright.PlaywrightException: Error {\n  message='Error: strict mode violation: locator(\"//img[@alt='search']/parent::button\") resolved to 2 elements:\n    1) <button class=\"absolute top-2.5 laptop:top-0 left-4 lapt…>…</button> aka getByTestId(\"search-input-wrapper\").getByRole(AriaRole.BUTTON, new Locator.GetByRoleOptions().setName(\"search\").setExact(true))\n    2) <button type=\"button\" class=\"absolute right-1 w-10 py-2 …>…</button> aka locator(\"[id=\\\"headlessui-disclosure-panel-\\\\:r46\\\\:\\\"]\").getByRole(AriaRole.BUTTON, new Locator.GetByRoleOptions().setName(\"search\"))\n\n  name='Error\n  stack='Error: Error: strict mode violation: locator(\"//img[@alt='search']/parent::button\") resolved to 2 elements:\n    1) <button class=\"absolute top-2.5 laptop:top-0 left-4 lapt…>…</button> aka getByTestId(\"search-input-wrapper\").getByRole(AriaRole.BUTTON, new Locator.GetByRoleOptions().setName(\"search\").setExact(true))\n    2) <button type=\"button\" class=\"absolute right-1 w-10 py-2 …>…</button> aka locator(\"[id=\\\"headlessui-disclosure-panel-\\\\:r46\\\\:\\\"]\").getByRole(AriaRole.BUTTON, new Locator.GetByRoleOptions().setName(\"search\"))\n\n    at CRExecutionContext.evaluateWithArguments (/private/var/folders/fm/lpg8fjp161l_tv35w086_yvw0000gn/T/playwright-java-17429772502449183055/package/lib/server/chromium/crExecutionContext.js:92:33)\n    at async LongStandingScope._race (/private/var/folders/fm/lpg8fjp161l_tv35w086_yvw0000gn/T/playwright-java-17429772502449183055/package/lib/utils/manualPromise.js:96:14)\n    at async evaluateExpression (/private/var/folders/fm/lpg8fjp161l_tv35w086_yvw0000gn/T/playwright-java-17429772502449183055/package/lib/server/javascript.js:241:12)\n    at async /private/var/folders/fm/lpg8fjp161l_tv35w086_yvw0000gn/T/playwright-java-17429772502449183055/package/lib/server/frames.js:953:22\n    at async Frame.retryWithProgressAndTimeouts (/private/var/folders/fm/lpg8fjp161l_tv35w086_yvw0000gn/T/playwright-java-17429772502449183055/package/lib/server/frames.js:923:24)\n    at async /private/var/folders/fm/lpg8fjp161l_tv35w086_yvw0000gn/T/playwright-java-17429772502449183055/package/lib/server/frames.js:1008:29\n    at async ProgressController.run (/private/var/folders/fm/lpg8fjp161l_tv35w086_yvw0000gn/T/playwright-java-17429772502449183055/package/lib/server/progress.js:82:22)\n    at async FrameDispatcher.click (/private/var/folders/fm/lpg8fjp161l_tv35w086_yvw0000gn/T/playwright-java-17429772502449183055/package/lib/server/dispatchers/frameDispatcher.js:158:12)\n    at async LongStandingScope._race (/private/var/folders/fm/lpg8fjp161l_tv35w086_yvw0000gn/T/playwright-java-17429772502449183055/package/lib/utils/manualPromise.js:96:14)\n    at async FrameDispatcher._handleCommand (/private/var/folders/fm/lpg8fjp161l_tv35w086_yvw0000gn/T/playwright-java-17429772502449183055/package/lib/server/dispatchers/dispatcher.js:96:14)\n}\nCall log:\n- waiting for locator(\"//img[@alt='search']/parent::button\")\n\n\tat com.microsoft.playwright.impl.WaitableResult.get(WaitableResult.java:56)\n\tat com.microsoft.playwright.impl.ChannelOwner.runUntil(ChannelOwner.java:120)\n\tat com.microsoft.playwright.impl.Connection.sendMessage(Connection.java:130)\n\tat com.microsoft.playwright.impl.ChannelOwner.sendMessage(ChannelOwner.java:106)\n\tat com.microsoft.playwright.impl.FrameImpl.clickImpl(FrameImpl.java:252)\n\tat com.microsoft.playwright.impl.FrameImpl.lambda$click$8(FrameImpl.java:243)\n\tat com.microsoft.playwright.impl.LoggingSupport.lambda$withLogging$0(LoggingSupport.java:36)\n\tat com.microsoft.playwright.impl.LoggingSupport.withLogging(LoggingSupport.java:47)\n\tat com.microsoft.playwright.impl.ChannelOwner.withLogging(ChannelOwner.java:89)\n\tat com.microsoft.playwright.impl.LoggingSupport.withLogging(LoggingSupport.java:35)\n\tat com.microsoft.playwright.impl.FrameImpl.click(FrameImpl.java:243)\n\tat com.microsoft.playwright.impl.LocatorImpl.click(LocatorImpl.java:160)\n\tat com.microsoft.playwright.Locator.click(Locator.java:2468)\n\tat org.example.Steps.Swoop.HomeSteps.clickToElement(HomeSteps.java:37)\n\tat org.example.Steps.Swoop.HomeSteps.clickSearchButton(HomeSteps.java:25)\n\tat UITests.SwoopTest.searchTest(SwoopTest.java:79)\n\tat java.base/jdk.internal.reflect.NativeMethodAccessorImpl.invoke0(Native Method)\n\tat java.base/jdk.internal.reflect.NativeMethodAccessorImpl.invoke(NativeMethodAccessorImpl.java:77)\n\tat java.base/jdk.internal.reflect.DelegatingMethodAccessorImpl.invoke(DelegatingMethodAccessorImpl.java:43)\n\tat java.base/java.lang.reflect.Method.invoke(Method.java:568)\n\tat org.testng.internal.invokers.MethodInvocationHelper.invokeMethod(MethodInvocationHelper.java:139)\n\tat org.testng.internal.invokers.TestInvoker.invokeMethod(TestInvoker.java:664)\n\tat org.testng.internal.invokers.TestInvoker.invokeTestMethod(TestInvoker.java:228)\n\tat org.testng.internal.invokers.MethodRunner.runInSequence(MethodRunner.java:63)\n\tat org.testng.internal.invokers.TestInvoker$MethodInvocationAgent.invoke(TestInvoker.java:961)\n\tat org.testng.internal.invokers.TestInvoker.invokeTestMethods(TestInvoker.java:201)\n\tat org.testng.internal.invokers.TestMethodWorker.invokeTestMethods(TestMethodWorker.java:148)\n\tat org.testng.internal.invokers.TestMethodWorker.run(TestMethodWorker.java:128)\n\tat java.base/java.util.ArrayList.forEach(ArrayList.java:1511)\n\tat org.testng.TestRunner.privateRun(TestRunner.java:819)\n\tat org.testng.TestRunner.run(TestRunner.java:619)\n\tat org.testng.SuiteRunner.runTest(SuiteRunner.java:443)\n\tat org.testng.SuiteRunner.runSequentially(SuiteRunner.java:437)\n\tat org.testng.SuiteRunner.privateRun(SuiteRunner.java:397)\n\tat org.testng.SuiteRunner.run(SuiteRunner.java:336)\n\tat org.testng.SuiteRunnerWorker.runSuite(SuiteRunnerWorker.java:52)\n\tat org.testng.SuiteRunnerWorker.run(SuiteRunnerWorker.java:95)\n\tat org.testng.TestNG.runSuitesSequentially(TestNG.java:1301)\n\tat org.testng.TestNG.runSuitesLocally(TestNG.java:1228)\n\tat org.testng.TestNG.runSuites(TestNG.java:1134)\n\tat org.testng.TestNG.run(TestNG.java:1101)\n\tat com.intellij.rt.testng.IDEARemoteTestNG.run(IDEARemoteTestNG.java:65)\n\tat com.intellij.rt.testng.RemoteTestNGStarter.main(RemoteTestNGStarter.java:105)\nCaused by: com.microsoft.playwright.impl.DriverException: Error {\n  message='Error: strict mode violation: locator(\"//img[@alt='search']/parent::button\") resolved to 2 elements:\n    1) <button class=\"absolute top-2.5 laptop:top-0 left-4 lapt…>…</button> aka getByTestId(\"search-input-wrapper\").getByRole(AriaRole.BUTTON, new Locator.GetByRoleOptions().setName(\"search\").setExact(true))\n    2) <button type=\"button\" class=\"absolute right-1 w-10 py-2 …>…</button> aka locator(\"[id=\\\"headlessui-disclosure-panel-\\\\:r46\\\\:\\\"]\").getByRole(AriaRole.BUTTON, new Locator.GetByRoleOptions().setName(\"search\"))\n\n  name='Error\n  stack='Error: Error: strict mode violation: locator(\"//img[@alt='search']/parent::button\") resolved to 2 elements:\n    1) <button class=\"absolute top-2.5 laptop:top-0 left-4 lapt…>…</button> aka getByTestId(\"search-input-wrapper\").getByRole(AriaRole.BUTTON, new Locator.GetByRoleOptions().setName(\"search\").setExact(true))\n    2) <button type=\"button\" class=\"absolute right-1 w-10 py-2 …>…</button> aka locator(\"[id=\\\"headlessui-disclosure-panel-\\\\:r46\\\\:\\\"]\").getByRole(AriaRole.BUTTON, new Locator.GetByRoleOptions().setName(\"search\"))\n\n    at CRExecutionContext.evaluateWithArguments (/private/var/folders/fm/lpg8fjp161l_tv35w086_yvw0000gn/T/playwright-java-17429772502449183055/package/lib/server/chromium/crExecutionContext.js:92:33)\n    at async LongStandingScope._race (/private/var/folders/fm/lpg8fjp161l_tv35w086_yvw0000gn/T/playwright-java-17429772502449183055/package/lib/utils/manualPromise.js:96:14)\n    at async evaluateExpression (/private/var/folders/fm/lpg8fjp161l_tv35w086_yvw0000gn/T/playwright-java-17429772502449183055/package/lib/server/javascript.js:241:12)\n    at async /private/var/folders/fm/lpg8fjp161l_tv35w086_yvw0000gn/T/playwright-java-17429772502449183055/package/lib/server/frames.js:953:22\n    at async Frame.retryWithProgressAndTimeouts (/private/var/folders/fm/lpg8fjp161l_tv35w086_yvw0000gn/T/playwright-java-17429772502449183055/package/lib/server/frames.js:923:24)\n    at async /private/var/folders/fm/lpg8fjp161l_tv35w086_yvw0000gn/T/playwright-java-17429772502449183055/package/lib/server/frames.js:1008:29\n    at async ProgressController.run (/private/var/folders/fm/lpg8fjp161l_tv35w086_yvw0000gn/T/playwright-java-17429772502449183055/package/lib/server/progress.js:82:22)\n    at async FrameDispatcher.click (/private/var/folders/fm/lpg8fjp161l_tv35w086_yvw0000gn/T/playwright-java-17429772502449183055/package/lib/server/dispatchers/frameDispatcher.js:158:12)\n    at async LongStandingScope._race (/private/var/folders/fm/lpg8fjp161l_tv35w086_yvw0000gn/T/playwright-java-17429772502449183055/package/lib/utils/manualPromise.js:96:14)\n    at async FrameDispatcher._handleCommand (/private/var/folders/fm/lpg8fjp161l_tv35w086_yvw0000gn/T/playwright-java-17429772502449183055/package/lib/server/dispatchers/dispatcher.js:96:14)\n}\nCall log:\n- waiting for locator(\"//img[@alt='search']/parent::button\")\n\n\tat com.microsoft.playwright.impl.Connection.dispatch(Connection.java:259)\n\tat com.microsoft.playwright.impl.Connection.processOneMessage(Connection.java:211)\n\tat com.microsoft.playwright.impl.ChannelOwner.runUntil(ChannelOwner.java:118)\n\t... 41 more\n"},"stage":"finished","description":"Test to validate search functionality with valid and invalid keywords","steps":[],"attachments":[],"parameters":[],"start":1753394639449,"stop":1753394644707}